<?xml version="1.0" encoding="UTF-8"?>
<testsuite xmlns:xsi="http://www.w3.org/2001/XMLSchema-instance" xsi:noNamespaceSchemaLocation="https://maven.apache.org/surefire/maven-surefire-plugin/xsd/surefire-test-report.xsd" version="3.0.2" name="com.paynest.OrderTests" time="0.079" tests="2" errors="0" skipped="0" failures="0">
  <properties>
[...]
</properties>
  <testcase name="lineTotalsAndCurrencyTest" classname="com.paynest.OrderTests" time="0.063"/>
  <testcase name="emptyOrderItemsTest" classname="com.paynest.OrderTests" time="0.008"/>
</testsuite>